[    0.000000] Linux version 4.15.0-88-generic (buildd@lgw01-amd64-036) (gcc version 7.4.0 (Ubuntu 7.4.0-1ubuntu1~18.04.1)) #88-Ubuntu SMP Tue Feb 11 20:11:34 UTC 2020 (Ubuntu 4.15.0-88.88-generic 4.15.18)
[    0.000000] Command line: BOOT_IMAGE=/boot/vmlinuz-4.15.0-88-generic root=LABEL=cloudimg-rootfs ro console=tty1 console=ttyS0
[    0.000000] KERNEL supported cpus:
[    0.000000]   Intel GenuineIntel
[    0.000000]   AMD AuthenticAMD
[    0.000000]   Centaur CentaurHauls
[    0.000000] x86/fpu: Supporting XSAVE feature 0x001: 'x87 floating point registers'
[    0.000000] x86/fpu: Supporting XSAVE feature 0x002: 'SSE registers'
[    0.000000] x86/fpu: Supporting XSAVE feature 0x004: 'AVX registers'
[    0.000000] x86/fpu: xstate_offset[2]:  576, xstate_sizes[2]:  256
[    0.000000] x86/fpu: Enabled xstate features 0x7, context size is 832 bytes, using 'standard' format.
[    0.000000] e820: BIOS-provided physical RAM map:
[    0.000000] BIOS-e820: [mem 0x0000000000000000-0x000000000009fbff] usable
[    0.000000] BIOS-e820: [mem 0x000000000009fc00-0x000000000009ffff] reserved
[    0.000000] BIOS-e820: [mem 0x00000000000f0000-0x00000000000fffff] reserved
[    0.000000] BIOS-e820: [mem 0x0000000000100000-0x000000003ffeffff] usable
[    0.000000] BIOS-e820: [mem 0x000000003fff0000-0x000000003fffffff] ACPI data
[    0.000000] BIOS-e820: [mem 0x00000000fec00000-0x00000000fec00fff] reserved
[    0.000000] BIOS-e820: [mem 0x00000000fee00000-0x00000000fee00fff] reserved
[    0.000000] BIOS-e820: [mem 0x00000000fffc0000-0x00000000ffffffff] reserved
[    0.000000] NX (Execute Disable) protection: active
[    0.000000] SMBIOS 2.5 present.
[    0.000000] DMI: innotek GmbH VirtualBox/VirtualBox, BIOS VirtualBox 12/01/2006
[    0.000000] Hypervisor detected: KVM
[    0.000000] e820: last_pfn = 0x3fff0 max_arch_pfn = 0x400000000
[    0.000000] MTRR: Disabled
[    0.000000] x86/PAT: MTRRs disabled, skipping PAT initialization too.
[    0.000000] CPU MTRRs all blank - virtualized system.
[    0.000000] x86/PAT: Configuration [0-7]: WB  WT  UC- UC  WB  WT  UC- UC  
[    0.000000] found SMP MP-table at [mem 0x0009fff0-0x0009ffff]
[    0.000000] Scanning 1 areas for low memory corruption
[    0.000000] RAMDISK: [mem 0x35a6d000-0x36d2dfff]
[    0.000000] ACPI: Early table checksum verification disabled
[    0.000000] ACPI: RSDP 0x00000000000E0000 000024 (v02 VBOX  )
[    0.000000] ACPI: XSDT 0x000000003FFF0030 00003C (v01 VBOX   VBOXXSDT 00000001 ASL  00000061)
[    0.000000] ACPI: FACP 0x000000003FFF00F0 0000F4 (v04 VBOX   VBOXFACP 00000001 ASL  00000061)
[    0.000000] ACPI: DSDT 0x000000003FFF0470 002325 (v02 VBOX   VBOXBIOS 00000002 INTL 20100528)
[    0.000000] ACPI: FACS 0x000000003FFF0200 000040
[    0.000000] ACPI: FACS 0x000000003FFF0200 000040
[    0.000000] ACPI: APIC 0x000000003FFF0240 00005C (v02 VBOX   VBOXAPIC 00000001 ASL  00000061)
[    0.000000] ACPI: SSDT 0x000000003FFF02A0 0001CC (v01 VBOX   VBOXCPUT 00000002 INTL 20100528)
[    0.000000] No NUMA configuration found
[    0.000000] Faking a node at [mem 0x0000000000000000-0x000000003ffeffff]
[    0.000000] NODE_DATA(0) allocated [mem 0x3ffc5000-0x3ffeffff]
[    0.000000] kvm-clock: cpu 0, msr 0:3ff44001, primary cpu clock
[    0.000000] kvm-clock: Using msrs 4b564d01 and 4b564d00
[    0.000000] kvm-clock: using sched offset of 4829993552 cycles
[    0.000000] clocksource: kvm-clock: mask: 0xffffffffffffffff max_cycles: 0x1cd42e4dffb, max_idle_ns: 881590591483 ns
[    0.000000] Zone ranges:
[    0.000000]   DMA      [mem 0x0000000000001000-0x0000000000ffffff]
[    0.000000]   DMA32    [mem 0x0000000001000000-0x000000003ffeffff]
[    0.000000]   Normal   empty
[    0.000000]   Device   empty
[    0.000000] Movable zone start for each node
[    0.000000] Early memory node ranges
[    0.000000]   node   0: [mem 0x0000000000001000-0x000000000009efff]
[    0.000000]   node   0: [mem 0x0000000000100000-0x000000003ffeffff]
[    0.000000] Reserved but unavailable: 98 pages
[    0.000000] Initmem setup node 0 [mem 0x0000000000001000-0x000000003ffeffff]
[    0.000000] ACPI: PM-Timer IO Port: 0x4008
[    0.000000] IOAPIC[0]: apic_id 2, version 32, address 0xfec00000, GSI 0-23
[    0.000000] ACPI: INT_SRC_OVR (bus 0 bus_irq 0 global_irq 2 dfl dfl)
[    0.000000] ACPI: INT_SRC_OVR (bus 0 bus_irq 9 global_irq 9 low level)
[    0.000000] Using ACPI (MADT) for SMP configuration information
[    0.000000] smpboot: Allowing 2 CPUs, 0 hotplug CPUs
[    0.000000] PM: Registered nosave memory: [mem 0x00000000-0x00000fff]
[    0.000000] PM: Registered nosave memory: [mem 0x0009f000-0x0009ffff]
[    0.000000] PM: Registered nosave memory: [mem 0x000a0000-0x000effff]
[    0.000000] PM: Registered nosave memory: [mem 0x000f0000-0x000fffff]
[    0.000000] e820: [mem 0x40000000-0xfebfffff] available for PCI devices
[    0.000000] Booting paravirtualized kernel on KVM
[    0.000000] clocksource: refined-jiffies: mask: 0xffffffff max_cycles: 0xffffffff, max_idle_ns: 7645519600211568 ns
[    0.000000] random: get_random_bytes called from start_kernel+0x99/0x4fd with crng_init=0
[    0.000000] setup_percpu: NR_CPUS:8192 nr_cpumask_bits:2 nr_cpu_ids:2 nr_node_ids:1
[    0.000000] percpu: Embedded 45 pages/cpu s147456 r8192 d28672 u1048576
[    0.000000] PV qspinlock hash table entries: 256 (order: 0, 4096 bytes)
[    0.000000] Built 1 zonelists, mobility grouping on.  Total pages: 257913
[    0.000000] Policy zone: DMA32
[    0.000000] Kernel command line: BOOT_IMAGE=/boot/vmlinuz-4.15.0-88-generic root=LABEL=cloudimg-rootfs ro console=tty1 console=ttyS0
[    0.000000] Memory: 983068K/1048120K available (12300K kernel code, 2481K rwdata, 4264K rodata, 2428K init, 2712K bss, 65052K reserved, 0K cma-reserved)
[    0.000000] SLUB: HWalign=64, Order=0-3, MinObjects=0, CPUs=2, Nodes=1
[    0.000000] Kernel/User page tables isolation: enabled
[    0.000000] ftrace: allocating 39344 entries in 154 pages
[    0.004000] Hierarchical RCU implementation.
[    0.004000] 	RCU restricting CPUs from NR_CPUS=8192 to nr_cpu_ids=2.
[    0.004000] 	Tasks RCU enabled.
[    0.004000] RCU: Adjusting geometry for rcu_fanout_leaf=16, nr_cpu_ids=2
[    0.004000] NR_IRQS: 524544, nr_irqs: 440, preallocated irqs: 16
[    0.004000] Console: colour VGA+ 80x25
[    0.004000] console [tty1] enabled
[    0.004000] console [ttyS0] enabled
[    0.004000] ACPI: Core revision 20170831
[    0.004000] ACPI: 2 ACPI AML tables successfully acquired and loaded
[    0.004000] APIC: Switch to symmetric I/O mode setup
[    0.004000] x2apic enabled
[    0.004000] Switched APIC routing to physical x2apic.
[    0.005157] ..TIMER: vector=0x30 apic1=0 pin1=2 apic2=-1 pin2=-1
[    0.008002] tsc: Detected 1800.000 MHz processor
[    0.012011] Calibrating delay loop (skipped) preset value.. 3600.00 BogoMIPS (lpj=7200000)
[    0.016008] pid_max: default: 32768 minimum: 301
[    0.018969] Security Framework initialized
[    0.020005] Yama: becoming mindful.
[    0.021160] AppArmor: AppArmor initialized
[    0.024000] Dentry cache hash table entries: 131072 (order: 8, 1048576 bytes)
[    0.024089] Inode-cache hash table entries: 65536 (order: 7, 524288 bytes)
[    0.028025] Mount-cache hash table entries: 2048 (order: 2, 16384 bytes)
[    0.029928] Mountpoint-cache hash table entries: 2048 (order: 2, 16384 bytes)
[    0.036140] Last level iTLB entries: 4KB 64, 2MB 8, 4MB 8
[    0.038013] Last level dTLB entries: 4KB 64, 2MB 0, 4MB 0, 1GB 4
[    0.039520] Spectre V1 : Mitigation: usercopy/swapgs barriers and __user pointer sanitization
[    0.040007] Spectre V2 : Mitigation: Full generic retpoline
[    0.041563] Spectre V2 : Spectre v2 / SpectreRSB mitigation: Filling RSB on context switch
[    0.044005] Speculative Store Bypass: Vulnerable
[    0.045813] MDS: Mitigation: Clear CPU buffers
[    0.052183] Freeing SMP alternatives memory: 36K
[    0.164445] smpboot: CPU0: Intel(R) Core(TM) i5-5350U CPU @ 1.80GHz (family: 0x6, model: 0x3d, stepping: 0x4)
[    0.168104] Performance Events: unsupported p6 CPU model 61 no PMU driver, software events only.
[    0.172111] Hierarchical SRCU implementation.
[    0.177171] NMI watchdog: Perf event create on CPU 0 failed with -2
[    0.180006] NMI watchdog: Perf NMI watchdog permanently disabled
[    0.184141] smp: Bringing up secondary CPUs ...
[    0.187022] x86: Booting SMP configuration:
[    0.188012] .... node  #0, CPUs:      #1
[    0.004000] kvm-clock: cpu 1, msr 0:3ff44041, secondary cpu clock
[    0.204007] smp: Brought up 1 node, 2 CPUs
[    0.206449] smpboot: Max logical packages: 1
[    0.208024] smpboot: Total of 2 processors activated (7200.00 BogoMIPS)
[    0.212103] devtmpfs: initialized
[    0.213946] x86/mm: Memory block size: 128MB
[    0.216353] evm: security.selinux
[    0.218090] evm: security.SMACK64
[    0.224047] evm: security.SMACK64EXEC
[    0.226409] evm: security.SMACK64TRANSMUTE
[    0.228005] evm: security.SMACK64MMAP
[    0.230040] evm: security.apparmor
[    0.232008] evm: security.ima
[    0.236039] evm: security.capability
[    0.244097] clocksource: jiffies: mask: 0xffffffff max_cycles: 0xffffffff, max_idle_ns: 7645041785100000 ns
[    0.252034] futex hash table entries: 512 (order: 3, 32768 bytes)
[    0.256220] pinctrl core: initialized pinctrl subsystem
[    0.260267] RTC time: 15:27:47, date: 04/12/20
[    0.264388] NET: Registered protocol family 16
[    0.268134] audit: initializing netlink subsys (disabled)
[    0.272054] audit: type=2000 audit(1586705273.941:1): state=initialized audit_enabled=0 res=1
[    0.276074] cpuidle: using governor ladder
[    0.280003] cpuidle: using governor menu
[    0.280132] ACPI: bus type PCI registered
[    0.284074] acpiphp: ACPI Hot Plug PCI Controller Driver version: 0.5
[    0.288178] PCI: Using configuration type 1 for base access
[    0.292170] HugeTLB registered 2.00 MiB page size, pre-allocated 0 pages
[    0.300651] ACPI: Added _OSI(Module Device)
[    0.304033] ACPI: Added _OSI(Processor Device)
[    0.305724] ACPI: Added _OSI(3.0 _SCP Extensions)
[    0.308010] ACPI: Added _OSI(Processor Aggregator Device)
[    0.312073] ACPI: Added _OSI(Linux-Dell-Video)
[    0.314977] ACPI: Added _OSI(Linux-Lenovo-NV-HDMI-Audio)
[    0.316012] ACPI: Added _OSI(Linux-HPI-Hybrid-Graphics)
[    0.320577] ACPI: Executed 1 blocks of module-level executable AML code
[    0.332487] ACPI: Interpreter enabled
[    0.334974] ACPI: (supports S0 S5)
[    0.336009] ACPI: Using IOAPIC for interrupt routing
[    0.340281] PCI: Using host bridge windows from ACPI; if necessary, use "pci=nocrs" and report a bug
[    0.343096] ACPI: Enabled 2 GPEs in block 00 to 07
[    0.355692] ACPI: PCI Root Bridge [PCI0] (domain 0000 [bus 00-ff])
[    0.356015] acpi PNP0A03:00: _OSC: OS supports [ASPM ClockPM Segments MSI]
[    0.360685] acpi PNP0A03:00: _OSC: not requesting OS control; OS requires [ExtendedConfig ASPM ClockPM MSI]
[    0.364036] acpi PNP0A03:00: fail to add MMCONFIG information, can't access extended PCI configuration space under this bridge.
[    0.372231] PCI host bridge to bus 0000:00
[    0.373566] pci_bus 0000:00: root bus resource [io  0x0000-0x0cf7 window]
[    0.375599] pci_bus 0000:00: root bus resource [io  0x0d00-0xffff window]
[    0.376016] pci_bus 0000:00: root bus resource [mem 0x000a0000-0x000bffff window]
[    0.380010] pci_bus 0000:00: root bus resource [mem 0x40000000-0xfdffffff window]
[    0.382370] pci_bus 0000:00: root bus resource [bus 00-ff]
[    0.389818] pci 0000:00:01.1: legacy IDE quirk: reg 0x10: [io  0x01f0-0x01f7]
[    0.392010] pci 0000:00:01.1: legacy IDE quirk: reg 0x14: [io  0x03f6]
[    0.396003] pci 0000:00:01.1: legacy IDE quirk: reg 0x18: [io  0x0170-0x0177]
[    0.397714] pci 0000:00:01.1: legacy IDE quirk: reg 0x1c: [io  0x0376]
[    0.474428] pci 0000:00:07.0: quirk: [io  0x4000-0x403f] claimed by PIIX4 ACPI
[    0.476048] pci 0000:00:07.0: quirk: [io  0x4100-0x410f] claimed by PIIX4 SMB
[    0.498809] ACPI: PCI Interrupt Link [LNKA] (IRQs 5 9 10 *11)
[    0.500812] ACPI: PCI Interrupt Link [LNKB] (IRQs 5 9 *10 11)
[    0.504348] ACPI: PCI Interrupt Link [LNKC] (IRQs 5 *9 10 11)
[    0.508076] ACPI: PCI Interrupt Link [LNKD] (IRQs 5 9 10 *11)
[    0.511307] SCSI subsystem initialized
[    0.516086] pci 0000:00:02.0: vgaarb: setting as boot VGA device
[    0.519290] pci 0000:00:02.0: vgaarb: VGA device added: decodes=io+mem,owns=io+mem,locks=none
[    0.520012] pci 0000:00:02.0: vgaarb: bridge control possible
[    0.523127] vgaarb: loaded
[    0.524073] ACPI: bus type USB registered
[    0.525680] usbcore: registered new interface driver usbfs
[    0.527811] usbcore: registered new interface driver hub
[    0.528060] usbcore: registered new device driver usb
[    0.536054] EDAC MC: Ver: 3.0.0
[    0.540754] PCI: Using ACPI for IRQ routing
[    0.542202] NetLabel: Initializing
[    0.544004] NetLabel:  domain hash size = 128
[    0.545136] NetLabel:  protocols = UNLABELED CIPSOv4 CALIPSO
[    0.546638] NetLabel:  unlabeled traffic allowed by default
[    0.548133] clocksource: Switched to clocksource kvm-clock
[    0.574390] VFS: Disk quotas dquot_6.6.0
[    0.575866] VFS: Dquot-cache hash table entries: 512 (order 0, 4096 bytes)
[    0.578235] AppArmor: AppArmor Filesystem Enabled
[    0.579522] pnp: PnP ACPI init
[    0.583001] pnp: PnP ACPI: found 3 devices
[    0.599260] clocksource: acpi_pm: mask: 0xffffff max_cycles: 0xffffff, max_idle_ns: 2085701024 ns
[    0.603551] NET: Registered protocol family 2
[    0.606053] TCP established hash table entries: 8192 (order: 4, 65536 bytes)
[    0.608981] TCP bind hash table entries: 8192 (order: 5, 131072 bytes)
[    0.612602] TCP: Hash tables configured (established 8192 bind 8192)
[    0.614841] UDP hash table entries: 512 (order: 2, 16384 bytes)
[    0.617214] UDP-Lite hash table entries: 512 (order: 2, 16384 bytes)
[    0.623043] NET: Registered protocol family 1
[    0.626281] pci 0000:00:00.0: Limiting direct PCI/PCI transfers
[    0.629484] pci 0000:00:01.0: Activating ISA DMA hang workarounds
[    0.632313] pci 0000:00:02.0: Video device with shadowed ROM at [mem 0x000c0000-0x000dffff]
[    0.635034] Unpacking initramfs...
[    1.061631] Freeing initrd memory: 19204K
[    1.063041] clocksource: tsc: mask: 0xffffffffffffffff max_cycles: 0x19f2297dd97, max_idle_ns: 440795236593 ns
[    1.065711] platform rtc_cmos: registered platform RTC device (no PNP device found)
[    1.068912] Scanning for low memory corruption every 60 seconds
[    1.073493] Initialise system trusted keyrings
[    1.074760] Key type blacklist registered
[    1.075956] workingset: timestamp_bits=36 max_order=18 bucket_order=0
[    1.079449] zbud: loaded
[    1.081322] squashfs: version 4.0 (2009/01/31) Phillip Lougher
[    1.083222] fuse init (API version 7.26)
[    1.092965] Key type asymmetric registered
[    1.094207] Asymmetric key parser 'x509' registered
[    1.095528] Block layer SCSI generic (bsg) driver version 0.4 loaded (major 246)
[    1.098936] io scheduler noop registered
[    1.101533] io scheduler deadline registered
[    1.105599] io scheduler cfq registered (default)
[    1.107881] ACPI: AC Adapter [AC] (off-line)
[    1.109375] input: Power Button as /devices/LNXSYSTM:00/LNXPWRBN:00/input/input0
[    1.111894] ACPI: Power Button [PWRF]
[    1.113260] input: Sleep Button as /devices/LNXSYSTM:00/LNXSLPBN:00/input/input1
[    1.115913] ACPI: Sleep Button [SLPF]
[    1.121934] Serial: 8250/16550 driver, 32 ports, IRQ sharing enabled
[    1.122601] ACPI: Battery Slot [BAT0] (battery present)
[    1.147908] 00:02: ttyS0 at I/O 0x3f8 (irq = 4, base_baud = 115200) is a 16550A
[    1.153035] Linux agpgart interface v0.103
[    1.155608] loop: module loaded
[    1.157633] scsi host0: ata_piix
[    1.158897] scsi host1: ata_piix
[    1.160167] ata1: PATA max UDMA/33 cmd 0x1f0 ctl 0x3f6 bmdma 0xd000 irq 14
[    1.162303] ata2: PATA max UDMA/33 cmd 0x170 ctl 0x376 bmdma 0xd008 irq 15
[    1.164570] libphy: Fixed MDIO Bus: probed
[    1.165943] tun: Universal TUN/TAP device driver, 1.6
[    1.173608] PPP generic driver version 2.4.2
[    1.175189] ehci_hcd: USB 2.0 'Enhanced' Host Controller (EHCI) Driver
[    1.176906] ehci-pci: EHCI PCI platform driver
[    1.178478] ehci-platform: EHCI generic platform driver
[    1.179950] ohci_hcd: USB 1.1 'Open' Host Controller (OHCI) Driver
[    1.182450] ohci-pci: OHCI PCI platform driver
[    1.183635] ohci-platform: OHCI generic platform driver
[    1.187469] uhci_hcd: USB Universal Host Controller Interface driver
[    1.190139] i8042: PNP: PS/2 Controller [PNP0303:PS2K,PNP0f03:PS2M] at 0x60,0x64 irq 1,12
[    1.193601] serio: i8042 KBD port at 0x60,0x64 irq 1
[    1.194989] serio: i8042 AUX port at 0x60,0x64 irq 12
[    1.196518] mousedev: PS/2 mouse device common for all mice
[    1.199328] input: AT Translated Set 2 keyboard as /devices/platform/i8042/serio0/input/input2
[    1.204989] rtc_cmos rtc_cmos: rtc core: registered rtc_cmos as rtc0
[    1.207469] rtc_cmos rtc_cmos: alarms up to one day, 114 bytes nvram
[    1.209294] i2c /dev entries driver
[    1.210638] device-mapper: uevent: version 1.0.3
[    1.212135] device-mapper: ioctl: 4.37.0-ioctl (2017-09-20) initialised: dm-devel@redhat.com
[    1.214608] ledtrig-cpu: registered to indicate activity on CPUs
[    1.217411] NET: Registered protocol family 10
[    1.225278] Segment Routing with IPv6
[    1.226659] NET: Registered protocol family 17
[    1.228591] Key type dns_resolver registered
[    1.230282] mce: Using 0 MCE banks
[    1.231483] RAS: Correctable Errors collector initialized.
[    1.233523] sched_clock: Marking stable (1233464805, 0)->(1604893388, -371428583)
[    1.241944] registered taskstats version 1
[    1.243102] Loading compiled-in X.509 certificates
[    1.247773] Loaded X.509 cert 'Build time autogenerated kernel key: f0020782f0d3a548186fb3f47aed88387a71e859'
[    1.251150] zswap: loaded using pool lzo/zbud
[    1.260909] Key type big_key registered
[    1.262240] Key type trusted registered
[    1.265868] Key type encrypted registered
[    1.267003] AppArmor: AppArmor sha1 policy hashing enabled
[    1.270187] ima: No TPM chip found, activating TPM-bypass! (rc=-19)
[    1.273067] ima: Allocated hash algorithm: sha1
[    1.274448] evm: HMAC attrs: 0x1
[    1.275686]   Magic number: 0:406:487
[    1.276987] rtc_cmos rtc_cmos: setting system clock to 2020-04-12 15:27:48 UTC (1586705268)
[    1.280169] BIOS EDD facility v0.16 2004-Jun-25, 0 devices found
[    1.282497] EDD information not available.
[    1.653460] Freeing unused kernel image memory: 2428K
[    1.664566] Write protecting the kernel read-only data: 20480k
[    1.667811] Freeing unused kernel image memory: 2008K
[    1.672553] Freeing unused kernel image memory: 1880K
[    1.681975] x86/mm: Checked W+X mappings: passed, no W+X pages found.
[    1.683554] x86/mm: Checking user space page tables
[    1.694002] x86/mm: Checked W+X mappings: passed, no W+X pages found.
Loading, please wait...
starting version 237
[    1.827804] Fusion MPT base driver 3.04.20
[    1.829080] Copyright (c) 1999-2008 LSI Corporation
[    1.868725] e1000: Intel(R) PRO/1000 Network Driver - version 7.3.21-k8-NAPI
[    1.874431] e1000: Copyright (c) 1999-2006 Intel Corporation.
[    1.899159] AVX2 version of gcm_enc/dec engaged.
[    1.902883] AES CTR mode by8 optimization enabled
[    1.909664] Fusion MPT SPI Host driver 3.04.20
[    2.045114] input: ImExPS/2 Generic Explorer Mouse as /devices/platform/i8042/serio1/input/input4
[    2.417110] e1000 0000:00:03.0 eth0: (PCI:33MHz:32-bit) 02:63:41:f1:0e:ed
[    2.421518] e1000 0000:00:03.0 eth0: Intel(R) PRO/1000 Network Connection
[    2.430274] e1000 0000:00:03.0 enp0s3: renamed from eth0
[    2.432271] mptbase: ioc0: Initiating bringup
[    2.533342] ioc0: LSI53C1030 A0: Capabilities={Initiator}
[    2.779742] scsi host2: ioc0: LSI53C1030 A0, FwRev=00000000h, Ports=1, MaxQ=256, IRQ=20
[    2.948717] scsi 2:0:0:0: Direct-Access     VBOX     HARDDISK         1.0  PQ: 0 ANSI: 5
[    2.980313] scsi target2:0:0: Beginning Domain Validation
[    2.986509] scsi target2:0:0: Domain Validation skipping write tests
[    2.991339] scsi target2:0:0: Ending Domain Validation
[    2.993362] scsi target2:0:0: asynchronous
[    2.995854] scsi 2:0:1:0: Direct-Access     VBOX     HARDDISK         1.0  PQ: 0 ANSI: 5
[    3.028419] scsi target2:0:1: Beginning Domain Validation
[    3.031714] random: fast init done
[    3.035666] scsi target2:0:1: Domain Validation skipping write tests
[    3.040913] scsi target2:0:1: Ending Domain Validation
[    3.042567] scsi target2:0:1: asynchronous
[    3.055530] random: systemd-udevd: uninitialized urandom read (16 bytes read)
[    3.059086] random: systemd-udevd: uninitialized urandom read (16 bytes read)
[    3.061508] random: systemd-udevd: uninitialized urandom read (16 bytes read)
[    3.063802] sd 2:0:0:0: Attached scsi generic sg0 type 0
[    3.064065] sd 2:0:0:0: [sda] 20971520 512-byte logical blocks: (10.7 GB/10.0 GiB)
[    3.069165] sd 2:0:1:0: Attached scsi generic sg1 type 0
[    3.069631] sd 2:0:0:0: [sda] Write Protect is off
[    3.075343] sd 2:0:0:0: [sda] Incomplete mode parameter data
[    3.075358] sd 2:0:1:0: [sdb] 20480 512-byte logical blocks: (10.5 MB/10.0 MiB)
[    3.077507] sd 2:0:0:0: [sda] Assuming drive cache: write through
[    3.080692]  sda: sda1
[    3.083716] sd 2:0:1:0: [sdb] Write Protect is off
[    3.085420] sd 2:0:0:0: [sda] Attached SCSI disk
[    3.090690] sd 2:0:1:0: [sdb] Incomplete mode parameter data
[    3.092585] sd 2:0:1:0: [sdb] Assuming drive cache: write through
[    3.099148] sd 2:0:1:0: [sdb] Attached SCSI disk
Begin: Loading essential drivers ... [    4.764219] raid6: sse2x1   gen()  4997 MB/s
[    4.816138] raid6: sse2x1   xor()  5118 MB/s
[    4.864133] raid6: sse2x2   gen()  8819 MB/s
[    4.916164] raid6: sse2x2   xor()  4295 MB/s
[    4.964149] raid6: sse2x4   gen()  8027 MB/s
[    5.016156] raid6: sse2x4   xor()  3099 MB/s
[    5.068278] raid6: avx2x1   gen()  2648 MB/s
[    5.124318] raid6: avx2x1   xor()  8088 MB/s
[    5.172203] raid6: avx2x2   gen() 14663 MB/s
[    5.221208] raid6: avx2x2   xor()  8917 MB/s
[    5.268393] raid6: avx2x4   gen() 19081 MB/s
[    5.316365] raid6: avx2x4   xor() 11810 MB/s
[    5.317925] raid6: using algorithm avx2x4 gen() 19081 MB/s
[    5.319589] raid6: .... xor() 11810 MB/s, rmw enabled
[    5.321798] raid6: using avx2x2 recovery algorithm
[    5.324878] xor: automatically using best checksumming function   avx       
[    5.328749] async_tx: api initialized (async)
done.
Begin: Running /scripts/init-premount ... done.
Begin: Mounting root file system ... Begin: Running /scripts/local-top ... done.
Begin: Running /scripts/local-premount ... [    5.393683] Btrfs loaded, crc32c=crc32c-intel
Scanning for Btrfs filesystems
done.
Warning: fsck not present, so skipping root file system
[    5.459583] EXT4-fs (sda1): mounted filesystem with ordered data mode. Opts: (null)
done.
Begin: Running /scripts/local-bottom ... done.
Begin: Running /scripts/init-bottom ... done.
[    5.811577] ip_tables: (C) 2000-2006 Netfilter Core Team
[    5.839066] systemd[1]: systemd 237 running in system mode. (+PAM +AUDIT +SELINUX +IMA +APPARMOR +SMACK +SYSVINIT +UTMP +LIBCRYPTSETUP +GCRYPT +GNUTLS +ACL +XZ +LZ4 +SECCOMP +BLKID +ELFUTILS +KMOD -IDN2 +IDN -PCRE2 default-hierarchy=hybrid)
[    5.846041] systemd[1]: Detected virtualization oracle.
[    5.848215] systemd[1]: Detected architecture x86-64.

Welcome to [1mUbuntu 18.04.4 LTS[0m!

[    5.863072] systemd[1]: Set hostname to <ubuntu>.
[    5.874810] systemd[1]: Initializing machine ID from random generator.
[    5.876862] systemd[1]: Installed transient /etc/machine-id file.
[    6.560966] systemd[1]: Created slice System Slice.
[[0;32m  OK  [0m] Created slice System Slice.
[    6.564020] systemd[1]: Listening on Journal Audit Socket.
[[0;32m  OK  [0m] Listening on Journal Audit Socket.
[    6.566701] systemd[1]: Listening on Journal Socket (/dev/log).
[[0;32m  OK  [0m] Listening on Journal Socket (/dev/log).
[    6.570631] systemd[1]: Listening on Syslog Socket.
[[0;32m  OK  [0m] Listening on Syslog Socket.
[[0;32m  OK  [0m] Reached target User and Group Name Lookups.
[[0;32m  OK  [0m] Listening on Journal Socket.
         Mounting Kernel Debug File System...
         Starting Uncomplicated firewall...
         Starting Load Kernel Modules...
[[0;32m  OK  [0m] Created slice system-serial\x2dgetty.slice.
[[0;32m  OK  [0m] Listening on udev Kernel Socket.
[[0;32m  OK  [0m] Set up automount Arbitrary Executab…rmats File System Automount Point.
[[0;32m  OK  [0m] Created slice User and Session Slice.
         Starting Set the console keyboard layout...
[[0;32m  OK  [0m] Started Forward Password Requests to Wall Directory Watch.
[[0;32m  OK  [0m] Reached target System Time Synchronized.
[    6.622514] Loading iSCSI transport class v2.0-870.
         Starting Journal Service...
         Starting Create list of required st…ce nodes for the current kernel...
[    6.653315] iscsi: registered transport (tcp)
         Mounting Huge Pages File System...
[[0;32m  OK  [0m] Listening on Device-mapper event daemon FIFOs.
[[0;32m  OK  [0m] Listening on LVM2 metadata daemon socket.
         Starting Monitoring of LVM2 mirrors…ng dmeventd or progress polling...
[[0;32m  OK  [0m] Reached target Swap.
[[0;32m  OK  [0m] Listening on LVM2 poll daemon socket.
[[0;32m  OK  [0m] Reached target Slices.
[[0;32m  OK  [0m] Listening on udev Control Socket.
         Starting udev Coldplug all Devices...
[[0;32m  OK  [0m] Listening on Network Service Netlink Socket.
[[0;32m  OK  [0m] Listening on /dev/initctl Compatibility Named Pipe.
         Starting Remount Root and Kernel File Systems...
         Mounting POSIX Message Queue File System...
[[0;32m  OK  [0m] Mounted Kernel Debug File System.
[[0;32m  OK  [0m] Started Uncomplicated firewall.
[[0;32m  OK  [0m] Started Create list of required sta…vice nodes for the current kernel.
[[0;32m  OK  [0m] Mounted Huge Pages File System.
[[0;32m  OK  [0m] Mounted POSIX Message Queue File System.
[[0;32m  OK  [0m] Started LVM2 metadata daemon.
         Starting Create Static Device Nodes in /dev...
[[0;32m  OK  [0m] Started Journal Service.
[    6.814157] iscsi: registered transport (iser)
[[0;32m  OK  [0m] Started Load Kernel Modules.
         Mounting FUSE Control File System...
         Mounting Kernel Configuration File System...
         Starting Apply Kernel Variables...
[[0;32m  OK  [0m] Mounted FUSE Control File System.
[[0;32m  OK  [0m] Mounted Kernel Configuration File System.
[[0;32m  OK  [0m] Started udev Coldplug all Devices.
[[0;32m  OK  [0m] Started Create Static Device Nodes in /dev.
[[0;32m  OK  [0m] Started Remount Root and Kernel File Systems.
         Starting Flush Journal to Persistent Storage...
         Starting Load/Save Random Seed...
         Starting udev Kernel Device Manager...
[[0;32m  OK  [0m] Started Set the console keyboard layout.
[[0;32m  OK  [0m] Started Monitoring of LVM2 mirrors,…sing dmeventd or progress polling.
[[0;32m  OK  [0m] Started Apply Kernel Variables.
[[0;32m  OK  [0m] Started Load/Save Random Seed.
[[0;32m  OK  [0m] Reached target Local File Systems (Pre).
[[0;32m  OK  [0m] Reached target Local File Systems.
         Starting Set console font and keymap...
         Starting AppArmor initialization...
         Starting ebtables ruleset management...
         Starting Commit a transient machine-id on disk...
         Starting Tell Plymouth To Write Out Runtime Data...
[[0;32m  OK  [0m] Started udev Kernel Device Manager.
[[0;32m  OK  [0m] Started Set console font and keymap.
[[0;32m  OK  [0m] Started Dispatch Password Requests to Console Directory Watch.
[[0;32m  OK  [0m] Reached target Local Encrypted Volumes.
[[0;32m  OK  [0m] Started Tell Plymouth To Write Out Runtime Data.
[[0;32m  OK  [0m] Started Commit a transient machine-id on disk.
[[0;32m  OK  [0m] Started Flush Journal to Persistent Storage.
         Starting Create Volatile Files and Directories...
[[0;32m  OK  [0m] Started ebtables ruleset management.
[[0;32m  OK  [0m] Started Create Volatile Files and Directories.
         Starting Update UTMP about System Boot/Shutdown...
[[0;32m  OK  [0m] Started Update UTMP about System Boot/Shutdown.
[[0;32m  OK  [0m] Found device /dev/ttyS0.
[[0;32m  OK  [0m] Listening on Load/Save RF Kill Switch Status /dev/rfkill Watch.
[[0;32m  OK  [0m] Started AppArmor initialization.
         Starting Initial cloud-init job (pre-networking)...
[   12.863897] cloud-init[540]: Cloud-init v. 19.4-33-gbb4131a2-0ubuntu1~18.04.1 running 'init-local' at Sun, 12 Apr 2020 15:27:58 +0000. Up 10.89 seconds.
[[0;32m  OK  [0m] Started Initial cloud-init job (pre-networking).
[[0;32m  OK  [0m] Reached target Network (Pre).
         Starting Network Service...
[[0;32m  OK  [0m] Started Network Service.
         Starting Network Name Resolution...
         Starting Wait for Network to be Configured...
[[0;32m  OK  [0m] Started Network Name Resolution.
[[0;32m  OK  [0m] Reached target Host and Network Name Lookups.
[[0;32m  OK  [0m] Reached target Network.
[[0;32m  OK  [0m] Started Wait for Network to be Configured.
         Starting Initial cloud-init job (metadata service crawler)...
[   17.063696] cloud-init[651]: Cloud-init v. 19.4-33-gbb4131a2-0ubuntu1~18.04.1 running 'init' at Sun, 12 Apr 2020 15:28:04 +0000. Up 16.78 seconds.
[   17.067617] cloud-init[651]: ci-info: +++++++++++++++++++++++++++++++++++++Net device info++++++++++++++++++++++++++++++++++++++
[   17.084821] cloud-init[651]: ci-info: +--------+------+---------------------------+---------------+--------+-------------------+
[   17.091493] cloud-init[651]: ci-info: | Device |  Up  |          Address          |      Mask     | Scope  |     Hw-Address    |
[   17.094770] cloud-init[651]: ci-info: +--------+------+---------------------------+---------------+--------+-------------------+
[   17.098659] cloud-init[651]: ci-info: | enp0s3 | True |         10.0.2.15         | 255.255.255.0 | global | 02:63:41:f1:0e:ed |
[   17.102022] cloud-init[651]: ci-info: | enp0s3 | True | fe80::63:41ff:fef1:eed/64 |       .       |  link  | 02:63:41:f1:0e:ed |
[   17.110035] cloud-init[651]: ci-info: |   lo   | True |         127.0.0.1         |   255.0.0.0   |  host  |         .         |
[   17.113216] cloud-init[651]: ci-info: |   lo   | True |          ::1/128          |       .       |  host  |         .         |
[   17.118748] cloud-init[651]: ci-info: +--------+------+---------------------------+---------------+--------+-------------------+
[   17.126173] cloud-init[651]: ci-info: ++++++++++++++++++++++++++++Route IPv4 info+++++++++++++++++++++++++++++
[   17.131347] cloud-init[651]: ci-info: +-------+-------------+----------+-----------------+-----------+-------+
[   17.133253] cloud-init[651]: ci-info: | Route | Destination | Gateway  |     Genmask     | Interface | Flags |
[   17.136562] cloud-init[651]: ci-info: +-------+-------------+----------+-----------------+-----------+-------+
[   17.142526] cloud-init[651]: ci-info: |   0   |   0.0.0.0   | 10.0.2.2 |     0.0.0.0     |   enp0s3  |   UG  |
[   17.148065] cloud-init[651]: ci-info: |   1   |   10.0.2.0  | 0.0.0.0  |  255.255.255.0  |   enp0s3  |   U   |
[   17.160864] cloud-init[651]: ci-info: |   2   |   10.0.2.2  | 0.0.0.0  | 255.255.255.255 |   enp0s3  |   UH  |
[   17.176340] cloud-init[651]: ci-info: +-------+-------------+----------+-----------------+-----------+-------+
[   17.180785] cloud-init[651]: ci-info: +++++++++++++++++++Route IPv6 info+++++++++++++++++++
[   17.183221] cloud-init[651]: ci-info: +-------+-------------+---------+-----------+-------+
[   17.185863] cloud-init[651]: ci-info: | Route | Destination | Gateway | Interface | Flags |
[   17.191307] cloud-init[651]: ci-info: +-------+-------------+---------+-----------+-------+
[   17.193992] cloud-init[651]: ci-info: |   1   |  fe80::/64  |    ::   |   enp0s3  |   U   |
[   17.196399] cloud-init[651]: ci-info: |   3   |    local    |    ::   |   enp0s3  |   U   |
[   17.199390] cloud-init[651]: ci-info: |   4   |   ff00::/8  |    ::   |   enp0s3  |   U   |
[   17.201802] cloud-init[651]: ci-info: +-------+-------------+---------+-----------+-------+
[   18.247116] cloud-init[651]: Generating public/private rsa key pair.
[   18.249739] cloud-init[651]: Your identification has been saved in /etc/ssh/ssh_host_rsa_key.
[   18.252982] cloud-init[651]: Your public key has been saved in /etc/ssh/ssh_host_rsa_key.pub.
[   18.256936] cloud-init[651]: The key fingerprint is:
[   18.258940] cloud-init[651]: SHA256:HJQNj3BYPodNqQ+MuxSs1FvRrc0+mUddomY7areBT4g root@ubuntu-bionic
[   18.261155] cloud-init[651]: The key's randomart image is:
[   18.262573] cloud-init[651]: +---[RSA 2048]----+
[   18.264361] cloud-init[651]: |      .o==.o     |
[   18.272900] cloud-init[651]: |      .=o*+ . . .|
[   18.274819] cloud-init[651]: |     o o*o++ . o.|
[   18.275774] cloud-init[651]: |    . =.=+. * . .|
[   18.276850] cloud-init[651]: |   . . =So + =   |
[   18.280614] cloud-init[651]: |    . +  ..oB .  |
[   18.292420] cloud-init[651]: |     . .E o.o+   |
[   18.304754] cloud-init[651]: |      .   oo..   |
[   18.308304] cloud-init[651]: |         . .o.   |
[   18.309650] cloud-init[651]: +----[SHA256]-----+
[   18.311552] cloud-init[651]: Generating public/private dsa key pair.
[   18.313457] cloud-init[651]: Your identification has been saved in /etc/ssh/ssh_host_dsa_key.
[   18.316441] cloud-init[651]: Your public key has been saved in /etc/ssh/ssh_host_dsa_key.pub.
[   18.332577] cloud-init[651]: The key fingerprint is:
[   18.344789] cloud-init[651]: SHA256:lo4Izf2GsyNE3sk3khYajXdlpmpiYBfnsOupFdNAo+k root@ubuntu-bionic
[   18.348527] cloud-init[651]: The key's randomart image is:
[   18.350894] cloud-init[651]: +---[DSA 1024]----+
[   18.364834] cloud-init[651]: |    o            |
[   18.366687] cloud-init[651]: |   +o..   +      |
[[0;32m  OK  [0m] Started Initial cloud-init job (metadata service crawler).[   18.376551] cloud-init[651]: |  o .O   =       |
[   18.377746] cloud-init[651]: | .oo*+= o.       |
[   18.380614] cloud-init[651]: | .E==Bo*S        |
[   18.382408] cloud-init[651]: |   .B+X*o        |
[   18.384136] 
[[0;32m  OK  [0m] Reached target Cloud-config availability.
[[0;32m  OK  [0m] Reached target System Initialization.
cloud-init[651]: |   +o=+o+.       |
[   18.391546] cloud-init[651]: |   .+ .+         |
[   18.393090] cloud-init[651]: |  .. ...         |
[   18.394525] cloud-init[651]: +----[SHA256]-----+
[   18.395787] cloud-init[651]: Generating public/private ecdsa key pair.
         Starting Socket activation for snappy daemon.[   18.405906] cloud-init[651]: Your identification has been saved in /etc/ssh/ssh_host_ecdsa_key.

[   18.406997] cloud-init[651]: Your public key has been saved in /etc/ssh/ssh_host_ecdsa_key.pub.
[   18.410625] cloud-init[651]: The key fingerprint is:
[[   18.413172] cloud-init[651]: SHA256:DbZOXjLiYeMtUV33oWWnw8KYApLZT1TGQX+CAmxtWlQ root@ubuntu-bionic
[0;32m  OK  [0m] Started Message of the Day.
[   18.413435] cloud-init[651]: The key's randomart image is:
[   18.417914] cloud-init[651]: +---[ECDSA 256]---+
[   18.418025] cloud-init[651]: |    .=o+o=E.. .+.|
[[0;32m  OK  [0m] Started Daily Cleanup of Temporary Directories.
[   18.418536] cloud-init[651]: |    o.+o=o.B o+oo|
[[   18.440919] cloud-init[651]: |     . ** = =.= .|
[   18.441059] cloud-init[651]: |      .o.*   + . |
[0;32m  OK  [0m[   18.442523] cloud-init[651]: |      * S o      |
[   18.443439] cloud-init[651]: |     + X +       |
[   18.444442] cloud-init[651]: |      + +        |
] [   18.446422] cloud-init[651]: |       .         |
[   18.446548] cloud-init[651]: |                 |
Listening on Open-iSCSI iscsid Socket.
[   18.447446] cloud-init[651]: +----[SHA256]-----+
[[0;32m  OK  [0m] Listening on D-Bus System Message Bus Socket.
[   18.453795] cloud-init[651]: Generating public/private ed25519 key pair.
[[0;32m  OK  [0m] Listening on UUID daemon activation socket.
[   18.457398] cloud-init[651]: Your identification has been saved in /etc/ssh/ssh_host_ed25519_key.
[   18.460148] cloud-init[651]: Your public key has been saved in /etc/ssh/ssh_host_ed25519_key.pub.
         Starting LXD - unix socket.
[   18.468461] cloud-init[651]: The key fingerprint is:
[[0;32m  OK  [0m] Started Discard unused blocks once a week.
[   18.469336] [[0;32m  OK  [0m] Started Daily apt download activities.
[[0;32m  OK  [0m] Started Daily apt upgrade and clean activities.
[[0;32m  OK  [0m] Reached target Timers.
cloud-init[651]: SHA256:mSyt9Aj5j9yaMHbLFP73O9r4KCDiJzyD474oK9HUpfs root@ubuntu-bionic
[[0;32m  OK  [0m] Started ACPI Events Check.
[   18.485709] [[0;32m  OK  [0m] Reached target Paths.
[[0;32m  OK  [0m] Listening on ACPID Listen Socket.
cloud-init[651]: The key's randomart image is:
[[0;32m  OK  [0m] Reached target Network is Online.
[   18.492825] cloud-init[651]: +--[ED25519 256]--+
[   18.506423] cloud-init[651]: |                 |
         Starting Availability of block devices...
[   18.506867] cloud-init[651]: [|      .          |[0;32m  OK  [0m
] Reached target Remote File Systems (Pre).
[[0;32m  OK  [0m] Reached target Remote File Systems.
[   18.517357] cloud-init[651]: |   . o           |
[[0;32m  OK  [0m] Listening on Socket activation for snappy daemon.
[   18.534315] cloud-init[651]: |  . o. o o       |
[[0;32m  OK  [0m] Listening on LXD - unix socket.
[   18.546936] cloud-init[651]: | o  o.+ S        |
[[0;32m  OK  [0m] Started Availability of block devices.
[   18.549615] [[0;32m  OK  [0m] Reached target Sockets.
[[0;32m  OK  [0m] Reached target Basic System.
cloud-init[651]: |. o o=.*         |
[   18.553789] cloud-init[651]: | = .+oB..        |
         Starting LXD - container startup/shutdown...
[   18.557726] cloud-init[651]: |* *..BEB. .+.    |
         Starting Login Service...
[   18.569246] cloud-init[651]: |B*.=  B.+o++=o   |
[   18.574800] cloud-init[651]: +----[SHA256]-----+
         Starting Dispatcher daemon for systemd-networkd...
[[0;32m  OK  [0m] Started Deferred execution scheduler.
[[0;32m  OK  [0m] Started Regular background program processing daemon.
         Starting Virtualbox guest utils...
[[0;32m  OK  [0m] Started FUSE filesystem for LXC.
         Starting Permit User Sessions...
         Starting Pollinate to seed the pseudo random number generator...
         Starting LSB: Record successful boot for GRUB...
[[0;32m  OK  [0m] Started D-Bus System Message Bus.
[[0;32m  OK  [0m] Started Login Service.
[[0;32m  OK  [0m] Started Unattended Upgrades Shutdown.
         Starting Accounts Service...
         Starting System Logging Service...
[[0;32m  OK  [0m] Started irqbalance daemon.
         Starting LSB: automatic crash report generation...
         Starting Snappy daemon...
[[0;32m  OK  [0m] Started System Logging Service.
[[0;32m  OK  [0m] Started Permit User Sessions.
         Starting Hold until boot process finishes up...
         Starting Terminate Plymouth Boot Screen...
[[0;32m  OK  [0m] Started LXD - container startup/shutdown.
[[0;32m  OK  [0m] Started Hold until boot process finishes up.
         Starting Set console scheme...
[[0;32m  OK  [0m] Started Serial Getty on ttyS0.
[[0;32m  OK  [0m] Started Terminate Plymouth Boot Screen.
[[0;32m  OK  [0m] Started LSB: automatic crash report generation.
[[0;32m  OK  [0m] Started Set console scheme.
[[0;32m  OK  [0m] Created slice system-getty.slice.
[[0;32m  OK  [0m] Started Getty on tty1.
[[0;32m  OK  [0m] Reached target Login Prompts.
[[0;32m  OK  [0m] Started LSB: Record successful boot for GRUB.
         Starting Authorization Manager...
[[0;32m  OK  [0m] Started Virtualbox guest utils.
[[0;32m  OK  [0m] Started Authorization Manager.
[[0;32m  OK  [0m] Started Accounts Service.
[[0;32m  OK  [0m] Started Dispatcher daemon for systemd-networkd.
[[0;32m  OK  [0m] Started Snappy daemon.
         Starting Wait until snapd is fully seeded...
[[0;32m  OK  [0m] Started Pollinate to seed the pseudo random number generator.
         Starting OpenBSD Secure Shell server...
[[0;32m  OK  [0m] Started OpenBSD Secure Shell server.
[[0;32m  OK  [0m] Created slice User Slice of vagrant.
         Starting User Manager for UID 1000...
[[0;32m  OK  [0m] Started Session 1 of user vagrant.
[[0;32m  OK  [0m] Started User Manager for UID 1000.

Ubuntu 18.04.4 LTS ubuntu-bionic ttyS0

ubuntu-bionic login: [   30.298216] cloud-init[1368]: Cloud-init v. 19.4-33-gbb4131a2-0ubuntu1~18.04.1 running 'modules:config' at Sun, 12 Apr 2020 15:28:16 +0000. Up 29.11 seconds.
ci-info: no authorized SSH keys fingerprints found for user ubuntu.
<14>Apr 12 15:28:19 ec2: 
<14>Apr 12 15:28:19 ec2: #############################################################
<14>Apr 12 15:28:19 ec2: -----BEGIN SSH HOST KEY FINGERPRINTS-----
<14>Apr 12 15:28:19 ec2: 1024 SHA256:lo4Izf2GsyNE3sk3khYajXdlpmpiYBfnsOupFdNAo+k root@ubuntu-bionic (DSA)
<14>Apr 12 15:28:19 ec2: 256 SHA256:DbZOXjLiYeMtUV33oWWnw8KYApLZT1TGQX+CAmxtWlQ root@ubuntu-bionic (ECDSA)
<14>Apr 12 15:28:19 ec2: 256 SHA256:mSyt9Aj5j9yaMHbLFP73O9r4KCDiJzyD474oK9HUpfs root@ubuntu-bionic (ED25519)
<14>Apr 12 15:28:19 ec2: 2048 SHA256:HJQNj3BYPodNqQ+MuxSs1FvRrc0+mUddomY7areBT4g root@ubuntu-bionic (RSA)
<14>Apr 12 15:28:19 ec2: -----END SSH HOST KEY FINGERPRINTS-----
<14>Apr 12 15:28:19 ec2: #############################################################
-----BEGIN SSH HOST KEY KEYS-----
ecdsa-sha2-nistp256 AAAAE2VjZHNhLXNoYTItbmlzdHAyNTYAAAAIbmlzdHAyNTYAAABBBJO1sVva5FRJlQbmq2TILgvky7GsJYMX+Eqt/I3Bwa/CMr/hV3bkXlOhsDaGY3Ld6X6u8A8dYb0nmdTZLbQMtl8= root@ubuntu-bionic
ssh-ed25519 AAAAC3NzaC1lZDI1NTE5AAAAIIYMVAhJwoJWFPAovBcIJoeY2nuopVnngnmNa0wIgV4h root@ubuntu-bionic
ssh-rsa AAAAB3NzaC1yc2EAAAADAQABAAABAQDZ6RoVpDSa4T2ReqrDOu5eJqsoVlazE++t8UOoTyJfJCBoJhzMf9C1TKzwN9oHku1wczdQ40xS8SOi24AqwnnqgO9qzGdE34XZBuUzAnb6dnh7s8dVPLFX/N44KK/gDH+nnYmfKlt9JphStVgLydP/Hm2wJWEcY0hK95aAx+duAPrmWEiYdPzZXICavfM4gdxGw4ikM8/BZqrca52AsPVs0VyxDi4cdZ+UP3S42Fp/Ow8hN3PS34DiauWjqeTJAq2+bVlN96FnfM2Q6K9CJYblW5L/CXiXzQu9TKlulrSbYsoopp+PaWitLM9jxUgONBtpB97Zs8uFJzTJPLkFqwyt root@ubuntu-bionic
-----END SSH HOST KEY KEYS-----
[   32.668635] cloud-init[1445]: Cloud-init v. 19.4-33-gbb4131a2-0ubuntu1~18.04.1 running 'modules:final' at Sun, 12 Apr 2020 15:28:19 +0000. Up 32.17 seconds.
[   32.668762] cloud-init[1445]: ci-info: no authorized SSH keys fingerprints found for user ubuntu.
[   32.669422] cloud-init[1445]: Cloud-init v. 19.4-33-gbb4131a2-0ubuntu1~18.04.1 finished at Sun, 12 Apr 2020 15:28:19 +0000. Datasource DataSourceNoCloud [seed=/dev/sdb][dsmode=net].  Up 32.64 seconds
